{
  "0 debug pnpm:scope": {
    "selected": 1,
    "workspacePrefix": null
  },
  "1 error pnpm": {
    "message": {
      "errno": 1,
      "code": "ELIFECYCLE",
      "pkgid": "charts@1.0.0",
      "stage": "tests",
      "script": "ospec '**/*.spec.js' --require esm",
      "pkgname": "charts"
    },
    "err": {
      "name": "Error",
      "message": "charts@1.0.0 tests: `ospec '**/*.spec.js' --require esm`\nExit status 1",
      "code": "ELIFECYCLE",
      "stack": "Error: charts@1.0.0 tests: `ospec '**/*.spec.js' --require esm`\nExit status 1\n    at EventEmitter.proc.on (/usr/local/opt/nvm/versions/node/v10.14.2/pnpm-global/2/node_modules/.registry.npmjs.org/pnpm/3.5.3/node_modules/pnpm/lib/node_modules/@zkochan/npm-lifecycle/index.js:302:16)\n    at EventEmitter.emit (events.js:182:13)\n    at ChildProcess.<anonymous> (/usr/local/opt/nvm/versions/node/v10.14.2/pnpm-global/2/node_modules/.registry.npmjs.org/pnpm/3.5.3/node_modules/pnpm/lib/node_modules/@zkochan/npm-lifecycle/lib/spawn.js:55:14)\n    at ChildProcess.emit (events.js:182:13)\n    at maybeClose (internal/child_process.js:962:16)\n    at Process.ChildProcess._handle.onexit (internal/child_process.js:251:5)"
    }
  }
}